[debug] [2021-09-27T09:44:05.536Z] ----------------------------------------------------------------------
[debug] [2021-09-27T09:44:05.538Z] Command:       /Users/fredrik/.nvm/versions/node/v14.17.6/bin/node /usr/local/bin/firebase deploy
[debug] [2021-09-27T09:44:05.538Z] CLI Version:   9.16.0
[debug] [2021-09-27T09:44:05.538Z] Platform:      darwin
[debug] [2021-09-27T09:44:05.538Z] Node Version:  v14.17.6
[debug] [2021-09-27T09:44:05.541Z] Time:          Mon Sep 27 2021 11:44:05 GMT+0200 (Central European Summer Time)
[debug] [2021-09-27T09:44:05.541Z] ----------------------------------------------------------------------
[debug] 
[debug] [2021-09-27T09:44:05.596Z] > command requires scopes: ["email","openid","https://www.googleapis.com/auth/cloudplatformprojects.readonly","https://www.googleapis.com/auth/firebase","https://www.googleapis.com/auth/cloud-platform"]
[debug] [2021-09-27T09:44:05.596Z] > authorizing via signed-in user (fredrik@megatech.ltd)
[debug] [2021-09-27T09:44:05.596Z] [iam] checking project zecco-sudoku for permissions ["cloudfunctions.functions.create","cloudfunctions.functions.delete","cloudfunctions.functions.get","cloudfunctions.functions.list","cloudfunctions.functions.update","cloudfunctions.operations.get","datastore.indexes.create","datastore.indexes.delete","datastore.indexes.list","datastore.indexes.update","firebase.projects.get","firebasehosting.sites.update"]
[debug] [2021-09-27T09:44:05.598Z] > refreshing access token with scopes: ["email","https://www.googleapis.com/auth/cloud-platform","https://www.googleapis.com/auth/cloudplatformprojects.readonly","https://www.googleapis.com/auth/firebase","openid"]
[debug] [2021-09-27T09:44:05.598Z] >>> HTTP REQUEST POST https://www.googleapis.com/oauth2/v3/token  
 <request body omitted>
[debug] [2021-09-27T09:44:05.806Z] <<< HTTP RESPONSE 200 {"date":"Mon, 27 Sep 2021 09:44:05 GMT","pragma":"no-cache","cache-control":"no-cache, no-store, max-age=0, must-revalidate","expires":"Mon, 01 Jan 1990 00:00:00 GMT","content-type":"application/json; charset=utf-8","vary":"X-Origin, Referer, Origin,Accept-Encoding","server":"scaffolding on HTTPServer2","x-xss-protection":"0","x-frame-options":"SAMEORIGIN","x-content-type-options":"nosniff","alt-svc":"h3=\":443\"; ma=2592000,h3-29=\":443\"; ma=2592000,h3-T051=\":443\"; ma=2592000,h3-Q050=\":443\"; ma=2592000,h3-Q046=\":443\"; ma=2592000,h3-Q043=\":443\"; ma=2592000,quic=\":443\"; ma=2592000; v=\"46,43\"","accept-ranges":"none","transfer-encoding":"chunked"}
[debug] [2021-09-27T09:44:05.871Z] >>> HTTP REQUEST POST https://cloudresourcemanager.googleapis.com/v1/projects/zecco-sudoku:testIamPermissions  
 {"permissions":["cloudfunctions.functions.create","cloudfunctions.functions.delete","cloudfunctions.functions.get","cloudfunctions.functions.list","cloudfunctions.functions.update","cloudfunctions.operations.get","datastore.indexes.create","datastore.indexes.delete","datastore.indexes.list","datastore.indexes.update","firebase.projects.get","firebasehosting.sites.update"]}
[debug] [2021-09-27T09:44:06.178Z] <<< HTTP RESPONSE 200 {"content-type":"application/json; charset=UTF-8","vary":"X-Origin, Referer, Origin,Accept-Encoding","date":"Mon, 27 Sep 2021 09:44:05 GMT","server":"ESF","cache-control":"private","x-xss-protection":"0","x-frame-options":"SAMEORIGIN","x-content-type-options":"nosniff","server-timing":"gfet4t7; dur=143","alt-svc":"h3=\":443\"; ma=2592000,h3-29=\":443\"; ma=2592000,h3-T051=\":443\"; ma=2592000,h3-Q050=\":443\"; ma=2592000,h3-Q046=\":443\"; ma=2592000,h3-Q043=\":443\"; ma=2592000,quic=\":443\"; ma=2592000; v=\"46,43\"","accept-ranges":"none","transfer-encoding":"chunked"}
[debug] [2021-09-27T09:44:06.179Z] >>> HTTP REQUEST POST https://iam.googleapis.com/v1/projects/zecco-sudoku/serviceAccounts/zecco-sudoku@appspot.gserviceaccount.com:testIamPermissions  
 {"permissions":["iam.serviceAccounts.actAs"]}
[debug] [2021-09-27T09:44:06.986Z] <<< HTTP RESPONSE 200 {"content-type":"application/json; charset=UTF-8","vary":"X-Origin, Referer, Origin,Accept-Encoding","date":"Mon, 27 Sep 2021 09:44:06 GMT","server":"ESF","cache-control":"private","x-xss-protection":"0","x-frame-options":"SAMEORIGIN","x-content-type-options":"nosniff","alt-svc":"h3=\":443\"; ma=2592000,h3-29=\":443\"; ma=2592000,h3-T051=\":443\"; ma=2592000,h3-Q050=\":443\"; ma=2592000,h3-Q046=\":443\"; ma=2592000,h3-Q043=\":443\"; ma=2592000,quic=\":443\"; ma=2592000; v=\"46,43\"","accept-ranges":"none","transfer-encoding":"chunked"}
[debug] [2021-09-27T09:44:06.987Z] > refreshing access token with scopes: []
[debug] [2021-09-27T09:44:06.987Z] >>> HTTP REQUEST POST https://www.googleapis.com/oauth2/v3/token  
 <request body omitted>
[debug] [2021-09-27T09:44:07.147Z] <<< HTTP RESPONSE 200 {"pragma":"no-cache","expires":"Mon, 01 Jan 1990 00:00:00 GMT","cache-control":"no-cache, no-store, max-age=0, must-revalidate","date":"Mon, 27 Sep 2021 09:44:06 GMT","content-type":"application/json; charset=utf-8","vary":"X-Origin, Referer, Origin,Accept-Encoding","server":"scaffolding on HTTPServer2","x-xss-protection":"0","x-frame-options":"SAMEORIGIN","x-content-type-options":"nosniff","alt-svc":"h3=\":443\"; ma=2592000,h3-29=\":443\"; ma=2592000,h3-T051=\":443\"; ma=2592000,h3-Q050=\":443\"; ma=2592000,h3-Q046=\":443\"; ma=2592000,h3-Q043=\":443\"; ma=2592000,quic=\":443\"; ma=2592000; v=\"46,43\"","accept-ranges":"none","transfer-encoding":"chunked"}
[debug] [2021-09-27T09:44:07.193Z] >>> [apiv2][query] GET https://firebase.googleapis.com/v1beta1/projects/zecco-sudoku [none]
[debug] [2021-09-27T09:44:07.531Z] <<< [apiv2][status] GET https://firebase.googleapis.com/v1beta1/projects/zecco-sudoku 200
[debug] [2021-09-27T09:44:07.532Z] <<< [apiv2][body] GET https://firebase.googleapis.com/v1beta1/projects/zecco-sudoku {"projectId":"zecco-sudoku","projectNumber":"787908105967","displayName":"zecco-sudoku","name":"projects/zecco-sudoku","resources":{"hostingSite":"zecco-sudoku","storageBucket":"zecco-sudoku.appspot.com","locationId":"us-central"},"state":"ACTIVE"}
[info] 
[info] === Deploying to 'zecco-sudoku'...
[info] 
[info] i  deploying firestore, functions, hosting 
[info] i  firestore: reading indexes from firestore.indexes.json... 
[info] i  cloud.firestore: checking firestore.rules for compilation errors... 
[debug] [2021-09-27T09:44:07.535Z] > refreshing access token with scopes: ["email","https://www.googleapis.com/auth/cloud-platform","https://www.googleapis.com/auth/cloudplatformprojects.readonly","https://www.googleapis.com/auth/firebase","openid"]
[debug] [2021-09-27T09:44:07.535Z] >>> HTTP REQUEST POST https://www.googleapis.com/oauth2/v3/token  
 <request body omitted>
[debug] [2021-09-27T09:44:07.690Z] <<< HTTP RESPONSE 200 {"expires":"Mon, 01 Jan 1990 00:00:00 GMT","cache-control":"no-cache, no-store, max-age=0, must-revalidate","date":"Mon, 27 Sep 2021 09:44:07 GMT","pragma":"no-cache","content-type":"application/json; charset=utf-8","vary":"X-Origin, Referer, Origin,Accept-Encoding","server":"scaffolding on HTTPServer2","x-xss-protection":"0","x-frame-options":"SAMEORIGIN","x-content-type-options":"nosniff","alt-svc":"h3=\":443\"; ma=2592000,h3-29=\":443\"; ma=2592000,h3-T051=\":443\"; ma=2592000,h3-Q050=\":443\"; ma=2592000,h3-Q046=\":443\"; ma=2592000,h3-Q043=\":443\"; ma=2592000,quic=\":443\"; ma=2592000; v=\"46,43\"","accept-ranges":"none","transfer-encoding":"chunked"}
[debug] [2021-09-27T09:44:07.766Z] >>> HTTP REQUEST POST https://firebaserules.googleapis.com/v1/projects/zecco-sudoku:test  
 {"source":{"files":[{"name":"firestore.rules","content":"rules_version = '2';\nservice cloud.firestore {\n  match /databases/{database}/documents {\n    match /{document=**} {\n      allow read, write: if false;\n    }\n  }\n}"}]}}
[debug] [2021-09-27T09:44:08.709Z] <<< HTTP RESPONSE 200 {"content-type":"application/json; charset=UTF-8","vary":"X-Origin, Referer, Origin,Accept-Encoding","date":"Mon, 27 Sep 2021 09:44:08 GMT","server":"ESF","cache-control":"private","x-xss-protection":"0","x-frame-options":"SAMEORIGIN","x-content-type-options":"nosniff","alt-svc":"h3=\":443\"; ma=2592000,h3-29=\":443\"; ma=2592000,h3-T051=\":443\"; ma=2592000,h3-Q050=\":443\"; ma=2592000,h3-Q046=\":443\"; ma=2592000,h3-Q043=\":443\"; ma=2592000,quic=\":443\"; ma=2592000; v=\"46,43\"","accept-ranges":"none","transfer-encoding":"chunked"}
[info] ✔  cloud.firestore: rules file firestore.rules compiled successfully 
[debug] [2021-09-27T09:44:08.711Z] Validating nodejs source
[warn] ⚠  functions: package.json indicates an outdated version of firebase-functions.
Please upgrade using npm install --save firebase-functions@latest in your functions directory. 
[debug] [2021-09-27T09:44:10.981Z] > [functions] package.json contents: {
  "name": "functions",
  "description": "Cloud Functions for Firebase",
  "scripts": {
    "serve": "firebase emulators:start --only functions",
    "shell": "firebase functions:shell",
    "start": "npm run shell",
    "deploy": "firebase deploy --only functions",
    "logs": "firebase functions:log",
    "test": "jest ."
  },
  "engines": {
    "node": "14"
  },
  "main": "index.js",
  "dependencies": {
    "firebase-admin": "^9.8.0",
    "firebase-functions": "^3.14.1",
    "jest": "^27.2.2"
  },
  "devDependencies": {
    "firebase-functions-test": "^0.2.0"
  },
  "private": true
}
[debug] [2021-09-27T09:44:10.981Z] Building nodejs source
[info] i  functions: ensuring required API cloudfunctions.googleapis.com is enabled... 
[info] i  functions: ensuring required API cloudbuild.googleapis.com is enabled... 
[debug] [2021-09-27T09:44:10.982Z] >>> HTTP REQUEST GET https://serviceusage.googleapis.com/v1/projects/zecco-sudoku/services/cloudfunctions.googleapis.com  
 
[debug] [2021-09-27T09:44:10.982Z] >>> HTTP REQUEST GET https://serviceusage.googleapis.com/v1/projects/zecco-sudoku/services/runtimeconfig.googleapis.com  
 
[debug] [2021-09-27T09:44:10.982Z] >>> HTTP REQUEST GET https://serviceusage.googleapis.com/v1/projects/zecco-sudoku/services/cloudbuild.googleapis.com  
 
[debug] [2021-09-27T09:44:12.005Z] <<< HTTP RESPONSE 200 {"content-type":"application/json; charset=UTF-8","vary":"X-Origin, Referer, Origin,Accept-Encoding","date":"Mon, 27 Sep 2021 09:44:11 GMT","server":"ESF","cache-control":"private","x-xss-protection":"0","x-frame-options":"SAMEORIGIN","x-content-type-options":"nosniff","alt-svc":"h3=\":443\"; ma=2592000,h3-29=\":443\"; ma=2592000,h3-T051=\":443\"; ma=2592000,h3-Q050=\":443\"; ma=2592000,h3-Q046=\":443\"; ma=2592000,h3-Q043=\":443\"; ma=2592000,quic=\":443\"; ma=2592000; v=\"46,43\"","accept-ranges":"none","transfer-encoding":"chunked"}
[debug] [2021-09-27T09:44:12.063Z] <<< HTTP RESPONSE 200 {"content-type":"application/json; charset=UTF-8","vary":"X-Origin, Referer, Origin,Accept-Encoding","date":"Mon, 27 Sep 2021 09:44:11 GMT","server":"ESF","cache-control":"private","x-xss-protection":"0","x-frame-options":"SAMEORIGIN","x-content-type-options":"nosniff","alt-svc":"h3=\":443\"; ma=2592000,h3-29=\":443\"; ma=2592000,h3-T051=\":443\"; ma=2592000,h3-Q050=\":443\"; ma=2592000,h3-Q046=\":443\"; ma=2592000,h3-Q043=\":443\"; ma=2592000,quic=\":443\"; ma=2592000; v=\"46,43\"","accept-ranges":"none","transfer-encoding":"chunked"}
[info] ✔  functions: required API cloudbuild.googleapis.com is enabled 
[debug] [2021-09-27T09:44:12.071Z] <<< HTTP RESPONSE 200 {"content-type":"application/json; charset=UTF-8","vary":"X-Origin, Referer, Origin,Accept-Encoding","date":"Mon, 27 Sep 2021 09:44:11 GMT","server":"ESF","cache-control":"private","x-xss-protection":"0","x-frame-options":"SAMEORIGIN","x-content-type-options":"nosniff","alt-svc":"h3=\":443\"; ma=2592000,h3-29=\":443\"; ma=2592000,h3-T051=\":443\"; ma=2592000,h3-Q050=\":443\"; ma=2592000,h3-Q046=\":443\"; ma=2592000,h3-Q043=\":443\"; ma=2592000,quic=\":443\"; ma=2592000; v=\"46,43\"","accept-ranges":"none","transfer-encoding":"chunked"}
[info] ✔  functions: required API cloudfunctions.googleapis.com is enabled 
[debug] [2021-09-27T09:44:12.072Z] >>> HTTP REQUEST GET https://firebase.googleapis.com/v1beta1/projects/zecco-sudoku/adminSdkConfig  
 
[debug] [2021-09-27T09:44:12.387Z] <<< HTTP RESPONSE 200 {"content-type":"application/json; charset=UTF-8","vary":"X-Origin, Referer, Origin,Accept-Encoding","date":"Mon, 27 Sep 2021 09:44:12 GMT","server":"ESF","cache-control":"private","x-xss-protection":"0","x-frame-options":"SAMEORIGIN","x-content-type-options":"nosniff","alt-svc":"h3=\":443\"; ma=2592000,h3-29=\":443\"; ma=2592000,h3-T051=\":443\"; ma=2592000,h3-Q050=\":443\"; ma=2592000,h3-Q046=\":443\"; ma=2592000,h3-Q043=\":443\"; ma=2592000,quic=\":443\"; ma=2592000; v=\"46,43\"","accept-ranges":"none","transfer-encoding":"chunked"}
[debug] [2021-09-27T09:44:12.388Z] >>> HTTP REQUEST GET https://runtimeconfig.googleapis.com/v1beta1/projects/zecco-sudoku/configs  
 
[debug] [2021-09-27T09:44:12.742Z] <<< HTTP RESPONSE 200 {"content-type":"application/json; charset=UTF-8","vary":"X-Origin, Referer, Origin,Accept-Encoding","date":"Mon, 27 Sep 2021 09:44:12 GMT","server":"ESF","cache-control":"private","x-xss-protection":"0","x-frame-options":"SAMEORIGIN","x-content-type-options":"nosniff","alt-svc":"h3=\":443\"; ma=2592000,h3-29=\":443\"; ma=2592000,h3-T051=\":443\"; ma=2592000,h3-Q050=\":443\"; ma=2592000,h3-Q046=\":443\"; ma=2592000,h3-Q043=\":443\"; ma=2592000,quic=\":443\"; ma=2592000; v=\"46,43\"","accept-ranges":"none","transfer-encoding":"chunked"}
[debug] [2021-09-27T09:44:12.743Z] Analyzing nodejs backend spec
[info] i  functions: preparing functions directory for uploading... 
[info] i  functions: packaged functions (61.91 KB) for uploading 
[debug] [2021-09-27T09:44:12.888Z] >>> HTTP REQUEST GET https://cloudfunctions.googleapis.com/v1/projects/zecco-sudoku/locations/-/functions  
 
[debug] [2021-09-27T09:44:13.604Z] <<< HTTP RESPONSE 200 {"content-type":"application/json; charset=UTF-8","vary":"X-Origin, Referer, Origin,Accept-Encoding","date":"Mon, 27 Sep 2021 09:44:13 GMT","server":"ESF","cache-control":"private","x-xss-protection":"0","x-frame-options":"SAMEORIGIN","x-content-type-options":"nosniff","alt-svc":"h3=\":443\"; ma=2592000,h3-29=\":443\"; ma=2592000,h3-T051=\":443\"; ma=2592000,h3-Q050=\":443\"; ma=2592000,h3-Q046=\":443\"; ma=2592000,h3-Q043=\":443\"; ma=2592000,quic=\":443\"; ma=2592000; v=\"46,43\"","accept-ranges":"none","transfer-encoding":"chunked"}
[debug] [2021-09-27T09:44:13.606Z] >>> HTTP REQUEST POST https://firebasehosting.googleapis.com/v1beta1/sites/zecco-sudoku/versions  
 {"config":{},"labels":{"deployment-tool":"cli-firebase"}}
[debug] [2021-09-27T09:44:15.074Z] <<< HTTP RESPONSE 200 {"content-type":"application/json; charset=UTF-8","vary":"X-Origin, Referer, Origin,Accept-Encoding","date":"Mon, 27 Sep 2021 09:44:14 GMT","server":"ESF","cache-control":"private","x-xss-protection":"0","x-frame-options":"SAMEORIGIN","x-content-type-options":"nosniff","alt-svc":"h3=\":443\"; ma=2592000,h3-29=\":443\"; ma=2592000,h3-T051=\":443\"; ma=2592000,h3-Q050=\":443\"; ma=2592000,h3-Q046=\":443\"; ma=2592000,h3-Q043=\":443\"; ma=2592000,quic=\":443\"; ma=2592000; v=\"46,43\"","accept-ranges":"none","transfer-encoding":"chunked"}
[debug] [2021-09-27T09:44:15.076Z] >>> HTTP REQUEST GET https://firebaserules.googleapis.com/v1/projects/zecco-sudoku/releases?pageSize=10&pageToken=  
 
[debug] [2021-09-27T09:44:15.076Z] >>> HTTP REQUEST GET https://firestore.googleapis.com/v1/projects/zecco-sudoku/databases/(default)/collectionGroups/-/indexes  
 
[debug] [2021-09-27T09:44:15.978Z] <<< HTTP RESPONSE 200 {"content-type":"application/json; charset=UTF-8","vary":"X-Origin, Referer, Origin,Accept-Encoding","date":"Mon, 27 Sep 2021 09:44:15 GMT","server":"ESF","cache-control":"private","x-xss-protection":"0","x-frame-options":"SAMEORIGIN","x-content-type-options":"nosniff","alt-svc":"h3=\":443\"; ma=2592000,h3-29=\":443\"; ma=2592000,h3-T051=\":443\"; ma=2592000,h3-Q050=\":443\"; ma=2592000,h3-Q046=\":443\"; ma=2592000,h3-Q043=\":443\"; ma=2592000,quic=\":443\"; ma=2592000; v=\"46,43\"","accept-ranges":"none","transfer-encoding":"chunked"}
[debug] [2021-09-27T09:44:15.979Z] >>> HTTP REQUEST GET https://firebaserules.googleapis.com/v1/projects/zecco-sudoku/rulesets/4ff9da2d-e2e5-4a5f-9bb8-7b3a1e4a5380  
 
[debug] [2021-09-27T09:44:16.176Z] <<< HTTP RESPONSE 200 {"content-type":"application/json; charset=UTF-8","vary":"X-Origin, Referer, Origin,Accept-Encoding","date":"Mon, 27 Sep 2021 09:44:16 GMT","server":"ESF","cache-control":"private","x-xss-protection":"0","x-frame-options":"SAMEORIGIN","x-content-type-options":"nosniff","alt-svc":"h3=\":443\"; ma=2592000,h3-29=\":443\"; ma=2592000,h3-T051=\":443\"; ma=2592000,h3-Q050=\":443\"; ma=2592000,h3-Q046=\":443\"; ma=2592000,h3-Q043=\":443\"; ma=2592000,quic=\":443\"; ma=2592000; v=\"46,43\"","accept-ranges":"none","transfer-encoding":"chunked"}
[debug] [2021-09-27T09:44:16.177Z] >>> HTTP REQUEST GET https://firestore.googleapis.com/v1/projects/zecco-sudoku/databases/(default)/collectionGroups/-/fields?filter=indexConfig.usesAncestorConfig=false  
 
[debug] [2021-09-27T09:44:16.919Z] <<< HTTP RESPONSE 200 {"content-type":"application/json; charset=UTF-8","vary":"X-Origin, Referer, Origin,Accept-Encoding","date":"Mon, 27 Sep 2021 09:44:16 GMT","server":"ESF","cache-control":"private","x-xss-protection":"0","x-frame-options":"SAMEORIGIN","x-content-type-options":"nosniff","alt-svc":"h3=\":443\"; ma=2592000,h3-29=\":443\"; ma=2592000,h3-T051=\":443\"; ma=2592000,h3-Q050=\":443\"; ma=2592000,h3-Q046=\":443\"; ma=2592000,h3-Q043=\":443\"; ma=2592000,quic=\":443\"; ma=2592000; v=\"46,43\"","accept-ranges":"none","transfer-encoding":"chunked"}
[info] i  firestore: latest version of firestore.rules already up to date, skipping upload... 
[debug] [2021-09-27T09:44:17.331Z] <<< HTTP RESPONSE 200 {"content-type":"application/json; charset=UTF-8","vary":"X-Origin, Referer, Origin,Accept-Encoding","date":"Mon, 27 Sep 2021 09:44:17 GMT","server":"ESF","cache-control":"private","x-xss-protection":"0","x-frame-options":"SAMEORIGIN","x-content-type-options":"nosniff","alt-svc":"h3=\":443\"; ma=2592000,h3-29=\":443\"; ma=2592000,h3-T051=\":443\"; ma=2592000,h3-Q050=\":443\"; ma=2592000,h3-Q046=\":443\"; ma=2592000,h3-Q043=\":443\"; ma=2592000,quic=\":443\"; ma=2592000; v=\"46,43\"","accept-ranges":"none","transfer-encoding":"chunked"}
[info] ✔  firestore: deployed indexes in firestore.indexes.json successfully 
[debug] [2021-09-27T09:44:17.332Z] >>> HTTP REQUEST POST https://cloudfunctions.googleapis.com/v1/projects/zecco-sudoku/locations/us-central1/functions:generateUploadUrl  
 
[debug] [2021-09-27T09:44:18.169Z] <<< HTTP RESPONSE 200 {"content-type":"application/json; charset=UTF-8","vary":"X-Origin, Referer, Origin,Accept-Encoding","date":"Mon, 27 Sep 2021 09:44:17 GMT","server":"ESF","cache-control":"private","x-xss-protection":"0","x-frame-options":"SAMEORIGIN","x-content-type-options":"nosniff","alt-svc":"h3=\":443\"; ma=2592000,h3-29=\":443\"; ma=2592000,h3-T051=\":443\"; ma=2592000,h3-Q050=\":443\"; ma=2592000,h3-Q046=\":443\"; ma=2592000,h3-Q043=\":443\"; ma=2592000,quic=\":443\"; ma=2592000; v=\"46,43\"","accept-ranges":"none","transfer-encoding":"chunked"}
[debug] [2021-09-27T09:44:18.172Z] >>> HTTP REQUEST PUT https://storage.googleapis.com/gcf-upload-us-central1-007793f1-8f13-47eb-9273-1822b7cc8338/054fe83f-5f23-4543-918b-21ad98f1fe9e.zip?GoogleAccessId=service-787908105967@gcf-admin-robot.iam.gserviceaccount.com&Expires=1632737657&Signature=WhgDraYWqURvCoDAJlyO16C0PCMi3rt7VCtafZR%2FkjB51W5qS0m36uy8I9WhwwBZHnWfTTB3FmNscyQzyKh2xmXEGjDez1zlasuDjs0Jc1%2BPTK%2B%2BGHoqngxynXAWBltytTY0cm%2BqBJhogb%2FELnQoeVEDucHXRjmbv2XXEaJl1IyQByYXACM3QwcLhsWoiuRXmYulKRN5o6q%2F745QUJ3G6fNZC3GCsm9MRrVQ7ddIL6VFWEoh%2F%2B501Y5Q7sl4%2FPTEC9nhGgoRBep4pWKseyTEQw5v%2FNVCimb7f47zCaNJCyo3X5d5McM%2B7MkBjJy%2F3IgXTeDy4VJi0XyS0n2qg%2FKiVA%3D%3D  
 <request body omitted>
[debug] [2021-09-27T09:44:18.746Z] <<< HTTP RESPONSE 200 {"x-guploader-uploadid":"ADPycdvhQKJSfiX5HD_PV69MIacqL297Y5rY0u_JSIv7ITrP3QWOKfyrGsb4L4G6I0L9jFkwnzcdaZJbboRxz7m5c8U","etag":"\"8c657a81ee9ecbf75334e04062ee99d2\"","x-goog-generation":"1632735858454696","x-goog-metageneration":"1","x-goog-hash":"crc32c=fVxw2Q==, md5=jGV6ge6ey/dTNOBAYu6Z0g==","x-goog-stored-content-length":"63391","x-goog-stored-content-encoding":"identity","vary":"Origin","content-length":"0","date":"Mon, 27 Sep 2021 09:44:18 GMT","server":"UploadServer","content-type":"text/html; charset=UTF-8","alt-svc":"h3=\":443\"; ma=2592000,h3-29=\":443\"; ma=2592000,h3-T051=\":443\"; ma=2592000,h3-Q050=\":443\"; ma=2592000,h3-Q046=\":443\"; ma=2592000,h3-Q043=\":443\"; ma=2592000,quic=\":443\"; ma=2592000; v=\"46,43\""}
[info] ✔  functions: functions folder uploaded successfully 
[info] i  hosting[zecco-sudoku]: beginning deploy... 
[info] i  hosting[zecco-sudoku]: found 14 files in build 
[debug] [2021-09-27T09:44:18.908Z] > refreshing access token with scopes: []
[debug] [2021-09-27T09:44:18.908Z] >>> HTTP REQUEST POST https://www.googleapis.com/oauth2/v3/token  
 <request body omitted>
[debug] [2021-09-27T09:44:18.909Z] [hosting] hash cache [YnVpbGQ] stored for 14 files
[debug] [2021-09-27T09:44:18.909Z] [hosting][hash queue][FINAL] {"max":147,"min":3,"avg":14.642857142857142,"active":0,"complete":14,"success":14,"errored":0,"retried":0,"total":14,"elapsed":150}
[debug] [2021-09-27T09:44:19.063Z] <<< HTTP RESPONSE 200 {"pragma":"no-cache","expires":"Mon, 01 Jan 1990 00:00:00 GMT","cache-control":"no-cache, no-store, max-age=0, must-revalidate","date":"Mon, 27 Sep 2021 09:44:18 GMT","content-type":"application/json; charset=utf-8","vary":"X-Origin, Referer, Origin,Accept-Encoding","server":"scaffolding on HTTPServer2","x-xss-protection":"0","x-frame-options":"SAMEORIGIN","x-content-type-options":"nosniff","alt-svc":"h3=\":443\"; ma=2592000,h3-29=\":443\"; ma=2592000,h3-T051=\":443\"; ma=2592000,h3-Q050=\":443\"; ma=2592000,h3-Q046=\":443\"; ma=2592000,h3-Q043=\":443\"; ma=2592000,quic=\":443\"; ma=2592000; v=\"46,43\"","accept-ranges":"none","transfer-encoding":"chunked"}
[debug] [2021-09-27T09:44:19.110Z] >>> [apiv2][query] POST https://firebasehosting.googleapis.com/v1beta1/sites/zecco-sudoku/versions/c26f46b73343e6c3:populateFiles [none]
[debug] [2021-09-27T09:44:19.110Z] >>> [apiv2][body] POST https://firebasehosting.googleapis.com/v1beta1/sites/zecco-sudoku/versions/c26f46b73343e6c3:populateFiles {"files":{"/asset-manifest.json":"6b45624e5825beaebc46a35304f89b596704f46c1361ccf12650eee8680bc244","/static/css/main.05d598bb.chunk.css":"eb091f143937f151ca51340a5f934ae4fadefed9ed0a551ca498fad65ccab1ca","/index.html":"79ac08717de3c094a755fe3315a3986f7005e7abd6e4d930161cc7090fd9768c","/static/css/main.05d598bb.chunk.css.map":"af52837ea744e83016e651c407a5b1bee59ca0e6f788589e39c680fa9823e525","/static/js/2.1ae10ba8.chunk.js.LICENSE.txt":"62bd50fce17f632638491d830c0b594bdcdf6c8b1925305344fee0b7888b4ec7","/static/js/main.a53507ef.chunk.js":"d43f28e1b6b29708db36f8507b752bbebe6773b640dc67b6e665c35e5219f4ae","/manifest.json":"341d52628782f8ac9290bbfc43298afccb47b7cbfcee146ae30cf0f46bc30900","/static/js/runtime-main.5ed16878.js":"c3e35650482589a9732e380b838f61417040228187fea6449a5cf40b249ed5b3","/static/js/runtime-main.5ed16878.js.map":"e5d89a8901b9b98a38c577fc6e4948720e37cd74c677ab6af8f4a6c25ed0fdbe","/robots.txt":"391d14b3c2f8c9143a27a28c7399585142228d4d1bdbe2c87ac946de411fa9a2","/static/js/main.a53507ef.chunk.js.map":"315b8c3364ba359ec4e1d1709c50e3bfc91b29bf843dfa6ad3504f83dd56f73d","/logo192.png":"7fe69add833669a8a0794b4acf090bef0de270242aabe1ae43b78ee00cb4c18c","/static/js/2.1ae10ba8.chunk.js":"5e8c8ae7bd60dcc25cb84b0ee4de158a84e8c88cd8f101bf42c1e66d45120215","/static/js/2.1ae10ba8.chunk.js.map":"70c9e84841a9d26531cbbadf5215d4144107a4d1276ac62aec2598e4fc308371"}}
[debug] [2021-09-27T09:44:20.460Z] <<< [apiv2][status] POST https://firebasehosting.googleapis.com/v1beta1/sites/zecco-sudoku/versions/c26f46b73343e6c3:populateFiles 200
[debug] [2021-09-27T09:44:20.461Z] <<< [apiv2][body] POST https://firebasehosting.googleapis.com/v1beta1/sites/zecco-sudoku/versions/c26f46b73343e6c3:populateFiles {"uploadRequiredHashes":["315b8c3364ba359ec4e1d1709c50e3bfc91b29bf843dfa6ad3504f83dd56f73d","7fe69add833669a8a0794b4acf090bef0de270242aabe1ae43b78ee00cb4c18c","6b45624e5825beaebc46a35304f89b596704f46c1361ccf12650eee8680bc244","62bd50fce17f632638491d830c0b594bdcdf6c8b1925305344fee0b7888b4ec7","79ac08717de3c094a755fe3315a3986f7005e7abd6e4d930161cc7090fd9768c","5e8c8ae7bd60dcc25cb84b0ee4de158a84e8c88cd8f101bf42c1e66d45120215","70c9e84841a9d26531cbbadf5215d4144107a4d1276ac62aec2598e4fc308371","d43f28e1b6b29708db36f8507b752bbebe6773b640dc67b6e665c35e5219f4ae"],"uploadUrl":"https://upload-firebasehosting.googleapis.com/upload/sites/zecco-sudoku/versions/c26f46b73343e6c3/files"}
[debug] [2021-09-27T09:44:20.466Z] >>> [apiv2][query] POST https://upload-firebasehosting.googleapis.com/upload/sites/zecco-sudoku/versions/c26f46b73343e6c3/files/315b8c3364ba359ec4e1d1709c50e3bfc91b29bf843dfa6ad3504f83dd56f73d [none]
[debug] [2021-09-27T09:44:20.467Z] >>> [apiv2][body] POST https://upload-firebasehosting.googleapis.com/upload/sites/zecco-sudoku/versions/c26f46b73343e6c3/files/315b8c3364ba359ec4e1d1709c50e3bfc91b29bf843dfa6ad3504f83dd56f73d [stream]
[debug] [2021-09-27T09:44:20.468Z] >>> [apiv2][query] POST https://upload-firebasehosting.googleapis.com/upload/sites/zecco-sudoku/versions/c26f46b73343e6c3/files/7fe69add833669a8a0794b4acf090bef0de270242aabe1ae43b78ee00cb4c18c [none]
[debug] [2021-09-27T09:44:20.469Z] >>> [apiv2][body] POST https://upload-firebasehosting.googleapis.com/upload/sites/zecco-sudoku/versions/c26f46b73343e6c3/files/7fe69add833669a8a0794b4acf090bef0de270242aabe1ae43b78ee00cb4c18c [stream]
[debug] [2021-09-27T09:44:20.470Z] >>> [apiv2][query] POST https://upload-firebasehosting.googleapis.com/upload/sites/zecco-sudoku/versions/c26f46b73343e6c3/files/6b45624e5825beaebc46a35304f89b596704f46c1361ccf12650eee8680bc244 [none]
[debug] [2021-09-27T09:44:20.470Z] >>> [apiv2][body] POST https://upload-firebasehosting.googleapis.com/upload/sites/zecco-sudoku/versions/c26f46b73343e6c3/files/6b45624e5825beaebc46a35304f89b596704f46c1361ccf12650eee8680bc244 [stream]
[debug] [2021-09-27T09:44:20.471Z] >>> [apiv2][query] POST https://upload-firebasehosting.googleapis.com/upload/sites/zecco-sudoku/versions/c26f46b73343e6c3/files/62bd50fce17f632638491d830c0b594bdcdf6c8b1925305344fee0b7888b4ec7 [none]
[debug] [2021-09-27T09:44:20.471Z] >>> [apiv2][body] POST https://upload-firebasehosting.googleapis.com/upload/sites/zecco-sudoku/versions/c26f46b73343e6c3/files/62bd50fce17f632638491d830c0b594bdcdf6c8b1925305344fee0b7888b4ec7 [stream]
[debug] [2021-09-27T09:44:20.472Z] >>> [apiv2][query] POST https://upload-firebasehosting.googleapis.com/upload/sites/zecco-sudoku/versions/c26f46b73343e6c3/files/79ac08717de3c094a755fe3315a3986f7005e7abd6e4d930161cc7090fd9768c [none]
[debug] [2021-09-27T09:44:20.472Z] >>> [apiv2][body] POST https://upload-firebasehosting.googleapis.com/upload/sites/zecco-sudoku/versions/c26f46b73343e6c3/files/79ac08717de3c094a755fe3315a3986f7005e7abd6e4d930161cc7090fd9768c [stream]
[debug] [2021-09-27T09:44:20.473Z] >>> [apiv2][query] POST https://upload-firebasehosting.googleapis.com/upload/sites/zecco-sudoku/versions/c26f46b73343e6c3/files/5e8c8ae7bd60dcc25cb84b0ee4de158a84e8c88cd8f101bf42c1e66d45120215 [none]
[debug] [2021-09-27T09:44:20.473Z] >>> [apiv2][body] POST https://upload-firebasehosting.googleapis.com/upload/sites/zecco-sudoku/versions/c26f46b73343e6c3/files/5e8c8ae7bd60dcc25cb84b0ee4de158a84e8c88cd8f101bf42c1e66d45120215 [stream]
[debug] [2021-09-27T09:44:20.474Z] >>> [apiv2][query] POST https://upload-firebasehosting.googleapis.com/upload/sites/zecco-sudoku/versions/c26f46b73343e6c3/files/70c9e84841a9d26531cbbadf5215d4144107a4d1276ac62aec2598e4fc308371 [none]
[debug] [2021-09-27T09:44:20.474Z] >>> [apiv2][body] POST https://upload-firebasehosting.googleapis.com/upload/sites/zecco-sudoku/versions/c26f46b73343e6c3/files/70c9e84841a9d26531cbbadf5215d4144107a4d1276ac62aec2598e4fc308371 [stream]
[debug] [2021-09-27T09:44:20.475Z] >>> [apiv2][query] POST https://upload-firebasehosting.googleapis.com/upload/sites/zecco-sudoku/versions/c26f46b73343e6c3/files/d43f28e1b6b29708db36f8507b752bbebe6773b640dc67b6e665c35e5219f4ae [none]
[debug] [2021-09-27T09:44:20.475Z] >>> [apiv2][body] POST https://upload-firebasehosting.googleapis.com/upload/sites/zecco-sudoku/versions/c26f46b73343e6c3/files/d43f28e1b6b29708db36f8507b752bbebe6773b640dc67b6e665c35e5219f4ae [stream]
[debug] [2021-09-27T09:44:20.476Z] [hosting][populate queue][FINAL] {"max":1559,"min":1559,"avg":1559,"active":0,"complete":1,"success":1,"errored":0,"retried":0,"total":1,"elapsed":1569}
[debug] [2021-09-27T09:44:20.477Z] [hosting] uploads queued: 8
[debug] [2021-09-27T09:44:21.863Z] <<< [apiv2][status] POST https://upload-firebasehosting.googleapis.com/upload/sites/zecco-sudoku/versions/c26f46b73343e6c3/files/62bd50fce17f632638491d830c0b594bdcdf6c8b1925305344fee0b7888b4ec7 200
[debug] [2021-09-27T09:44:21.863Z] <<< [apiv2][body] POST https://upload-firebasehosting.googleapis.com/upload/sites/zecco-sudoku/versions/c26f46b73343e6c3/files/62bd50fce17f632638491d830c0b594bdcdf6c8b1925305344fee0b7888b4ec7 [stream]
[debug] [2021-09-27T09:44:21.881Z] <<< [apiv2][status] POST https://upload-firebasehosting.googleapis.com/upload/sites/zecco-sudoku/versions/c26f46b73343e6c3/files/d43f28e1b6b29708db36f8507b752bbebe6773b640dc67b6e665c35e5219f4ae 200
[debug] [2021-09-27T09:44:21.882Z] <<< [apiv2][body] POST https://upload-firebasehosting.googleapis.com/upload/sites/zecco-sudoku/versions/c26f46b73343e6c3/files/d43f28e1b6b29708db36f8507b752bbebe6773b640dc67b6e665c35e5219f4ae [stream]
[debug] [2021-09-27T09:44:21.938Z] <<< [apiv2][status] POST https://upload-firebasehosting.googleapis.com/upload/sites/zecco-sudoku/versions/c26f46b73343e6c3/files/79ac08717de3c094a755fe3315a3986f7005e7abd6e4d930161cc7090fd9768c 200
[debug] [2021-09-27T09:44:21.938Z] <<< [apiv2][body] POST https://upload-firebasehosting.googleapis.com/upload/sites/zecco-sudoku/versions/c26f46b73343e6c3/files/79ac08717de3c094a755fe3315a3986f7005e7abd6e4d930161cc7090fd9768c [stream]
[debug] [2021-09-27T09:44:21.939Z] <<< [apiv2][status] POST https://upload-firebasehosting.googleapis.com/upload/sites/zecco-sudoku/versions/c26f46b73343e6c3/files/5e8c8ae7bd60dcc25cb84b0ee4de158a84e8c88cd8f101bf42c1e66d45120215 200
[debug] [2021-09-27T09:44:21.939Z] <<< [apiv2][body] POST https://upload-firebasehosting.googleapis.com/upload/sites/zecco-sudoku/versions/c26f46b73343e6c3/files/5e8c8ae7bd60dcc25cb84b0ee4de158a84e8c88cd8f101bf42c1e66d45120215 [stream]
[debug] [2021-09-27T09:44:21.940Z] <<< [apiv2][status] POST https://upload-firebasehosting.googleapis.com/upload/sites/zecco-sudoku/versions/c26f46b73343e6c3/files/6b45624e5825beaebc46a35304f89b596704f46c1361ccf12650eee8680bc244 200
[debug] [2021-09-27T09:44:21.940Z] <<< [apiv2][body] POST https://upload-firebasehosting.googleapis.com/upload/sites/zecco-sudoku/versions/c26f46b73343e6c3/files/6b45624e5825beaebc46a35304f89b596704f46c1361ccf12650eee8680bc244 [stream]
[debug] [2021-09-27T09:44:21.989Z] <<< [apiv2][status] POST https://upload-firebasehosting.googleapis.com/upload/sites/zecco-sudoku/versions/c26f46b73343e6c3/files/7fe69add833669a8a0794b4acf090bef0de270242aabe1ae43b78ee00cb4c18c 200
[debug] [2021-09-27T09:44:21.990Z] <<< [apiv2][body] POST https://upload-firebasehosting.googleapis.com/upload/sites/zecco-sudoku/versions/c26f46b73343e6c3/files/7fe69add833669a8a0794b4acf090bef0de270242aabe1ae43b78ee00cb4c18c [stream]
[debug] [2021-09-27T09:44:22.002Z] <<< [apiv2][status] POST https://upload-firebasehosting.googleapis.com/upload/sites/zecco-sudoku/versions/c26f46b73343e6c3/files/315b8c3364ba359ec4e1d1709c50e3bfc91b29bf843dfa6ad3504f83dd56f73d 200
[debug] [2021-09-27T09:44:22.002Z] <<< [apiv2][body] POST https://upload-firebasehosting.googleapis.com/upload/sites/zecco-sudoku/versions/c26f46b73343e6c3/files/315b8c3364ba359ec4e1d1709c50e3bfc91b29bf843dfa6ad3504f83dd56f73d [stream]
[debug] [2021-09-27T09:44:22.270Z] <<< [apiv2][status] POST https://upload-firebasehosting.googleapis.com/upload/sites/zecco-sudoku/versions/c26f46b73343e6c3/files/70c9e84841a9d26531cbbadf5215d4144107a4d1276ac62aec2598e4fc308371 200
[debug] [2021-09-27T09:44:22.270Z] <<< [apiv2][body] POST https://upload-firebasehosting.googleapis.com/upload/sites/zecco-sudoku/versions/c26f46b73343e6c3/files/70c9e84841a9d26531cbbadf5215d4144107a4d1276ac62aec2598e4fc308371 [stream]
[debug] [2021-09-27T09:44:22.271Z] [hosting][upload queue][FINAL] {"max":1805,"min":1399,"avg":1513.875,"active":0,"complete":8,"success":8,"errored":0,"retried":0,"total":8,"elapsed":1810}
[info] ✔  hosting[zecco-sudoku]: file upload complete 
[debug] [2021-09-27T09:44:22.272Z] [hosting] deploy completed after 3524ms
[debug] [2021-09-27T09:44:22.274Z] [rules] releasing cloud.firestore with ruleset projects/zecco-sudoku/rulesets/4ff9da2d-e2e5-4a5f-9bb8-7b3a1e4a5380
[debug] [2021-09-27T09:44:22.276Z] > refreshing access token with scopes: ["email","https://www.googleapis.com/auth/cloud-platform","https://www.googleapis.com/auth/cloudplatformprojects.readonly","https://www.googleapis.com/auth/firebase","openid"]
[debug] [2021-09-27T09:44:22.276Z] >>> HTTP REQUEST POST https://www.googleapis.com/oauth2/v3/token  
 <request body omitted>
[debug] [2021-09-27T09:44:22.434Z] <<< HTTP RESPONSE 200 {"cache-control":"no-cache, no-store, max-age=0, must-revalidate","expires":"Mon, 01 Jan 1990 00:00:00 GMT","date":"Mon, 27 Sep 2021 09:44:22 GMT","pragma":"no-cache","content-type":"application/json; charset=utf-8","vary":"X-Origin, Referer, Origin,Accept-Encoding","server":"scaffolding on HTTPServer2","x-xss-protection":"0","x-frame-options":"SAMEORIGIN","x-content-type-options":"nosniff","alt-svc":"h3=\":443\"; ma=2592000,h3-29=\":443\"; ma=2592000,h3-T051=\":443\"; ma=2592000,h3-Q050=\":443\"; ma=2592000,h3-Q046=\":443\"; ma=2592000,h3-Q043=\":443\"; ma=2592000,quic=\":443\"; ma=2592000; v=\"46,43\"","accept-ranges":"none","transfer-encoding":"chunked"}
[debug] [2021-09-27T09:44:22.488Z] >>> HTTP REQUEST PATCH https://firebaserules.googleapis.com/v1/projects/zecco-sudoku/releases/cloud.firestore  
 {"release":{"name":"projects/zecco-sudoku/releases/cloud.firestore","rulesetName":"projects/zecco-sudoku/rulesets/4ff9da2d-e2e5-4a5f-9bb8-7b3a1e4a5380"}}
[debug] [2021-09-27T09:44:23.680Z] <<< HTTP RESPONSE 200 {"content-type":"application/json; charset=UTF-8","vary":"X-Origin, Referer, Origin,Accept-Encoding","date":"Mon, 27 Sep 2021 09:44:23 GMT","server":"ESF","cache-control":"private","x-xss-protection":"0","x-frame-options":"SAMEORIGIN","x-content-type-options":"nosniff","alt-svc":"h3=\":443\"; ma=2592000,h3-29=\":443\"; ma=2592000,h3-T051=\":443\"; ma=2592000,h3-Q050=\":443\"; ma=2592000,h3-Q046=\":443\"; ma=2592000,h3-Q043=\":443\"; ma=2592000,quic=\":443\"; ma=2592000; v=\"46,43\"","accept-ranges":"none","transfer-encoding":"chunked"}
[debug] [2021-09-27T09:44:23.682Z] [rules] updated release projects/zecco-sudoku/releases/cloud.firestore
[info] ✔  firestore: released rules firestore.rules to cloud.firestore 
[info] i  functions: updating Node.js 14 function getBoard(us-central1)... 
[debug] [2021-09-27T09:44:23.691Z] >>> HTTP REQUEST PATCH https://cloudfunctions.googleapis.com/v1/projects/zecco-sudoku/locations/us-central1/functions/getBoard {"updateMask":"name,sourceUploadUrl,entryPoint,runtime,httpsTrigger.securityLevel,labels,environmentVariables"} 
 {"name":"projects/zecco-sudoku/locations/us-central1/functions/getBoard","sourceUploadUrl":"https://storage.googleapis.com/gcf-upload-us-central1-007793f1-8f13-47eb-9273-1822b7cc8338/054fe83f-5f23-4543-918b-21ad98f1fe9e.zip?GoogleAccessId=service-787908105967@gcf-admin-robot.iam.gserviceaccount.com&Expires=1632737657&Signature=WhgDraYWqURvCoDAJlyO16C0PCMi3rt7VCtafZR%2FkjB51W5qS0m36uy8I9WhwwBZHnWfTTB3FmNscyQzyKh2xmXEGjDez1zlasuDjs0Jc1%2BPTK%2B%2BGHoqngxynXAWBltytTY0cm%2BqBJhogb%2FELnQoeVEDucHXRjmbv2XXEaJl1IyQByYXACM3QwcLhsWoiuRXmYulKRN5o6q%2F745QUJ3G6fNZC3GCsm9MRrVQ7ddIL6VFWEoh%2F%2B501Y5Q7sl4%2FPTEC9nhGgoRBep4pWKseyTEQw5v%2FNVCimb7f47zCaNJCyo3X5d5McM%2B7MkBjJy%2F3IgXTeDy4VJi0XyS0n2qg%2FKiVA%3D%3D","entryPoint":"getBoard","runtime":"nodejs14","httpsTrigger":{"securityLevel":"SECURE_OPTIONAL"},"labels":{"deployment-callable":"true","deployment-tool":"cli-firebase"},"environmentVariables":{"FIREBASE_CONFIG":"{\"projectId\":\"zecco-sudoku\",\"storageBucket\":\"zecco-sudoku.appspot.com\",\"locationId\":\"us-central\"}"}}
[debug] [2021-09-27T09:44:24.502Z] <<< HTTP RESPONSE 200 {"content-type":"application/json; charset=UTF-8","vary":"X-Origin, Referer, Origin,Accept-Encoding","date":"Mon, 27 Sep 2021 09:44:24 GMT","server":"ESF","cache-control":"private","x-xss-protection":"0","x-frame-options":"SAMEORIGIN","x-content-type-options":"nosniff","alt-svc":"h3=\":443\"; ma=2592000,h3-29=\":443\"; ma=2592000,h3-T051=\":443\"; ma=2592000,h3-Q050=\":443\"; ma=2592000,h3-Q046=\":443\"; ma=2592000,h3-Q043=\":443\"; ma=2592000,quic=\":443\"; ma=2592000; v=\"46,43\"","accept-ranges":"none","transfer-encoding":"chunked"}
[debug] [2021-09-27T09:44:24.505Z] > refreshing access token with scopes: []
[debug] [2021-09-27T09:44:24.506Z] >>> HTTP REQUEST POST https://www.googleapis.com/oauth2/v3/token  
 <request body omitted>
[debug] [2021-09-27T09:44:24.685Z] <<< HTTP RESPONSE 200 {"date":"Mon, 27 Sep 2021 09:44:24 GMT","expires":"Mon, 01 Jan 1990 00:00:00 GMT","pragma":"no-cache","cache-control":"no-cache, no-store, max-age=0, must-revalidate","content-type":"application/json; charset=utf-8","vary":"X-Origin, Referer, Origin,Accept-Encoding","server":"scaffolding on HTTPServer2","x-xss-protection":"0","x-frame-options":"SAMEORIGIN","x-content-type-options":"nosniff","alt-svc":"h3=\":443\"; ma=2592000,h3-29=\":443\"; ma=2592000,h3-T051=\":443\"; ma=2592000,h3-Q050=\":443\"; ma=2592000,h3-Q046=\":443\"; ma=2592000,h3-Q043=\":443\"; ma=2592000,quic=\":443\"; ma=2592000; v=\"46,43\"","accept-ranges":"none","transfer-encoding":"chunked"}
[debug] [2021-09-27T09:44:24.734Z] >>> [apiv2][query] GET https://cloudfunctions.googleapis.com/v1/operations/emVjY28tc3Vkb2t1L3VzLWNlbnRyYWwxL2dldEJvYXJkL3JEZnhnM3VaWDRv [none]
[debug] [2021-09-27T09:44:25.116Z] <<< [apiv2][status] GET https://cloudfunctions.googleapis.com/v1/operations/emVjY28tc3Vkb2t1L3VzLWNlbnRyYWwxL2dldEJvYXJkL3JEZnhnM3VaWDRv 200
[debug] [2021-09-27T09:44:25.117Z] <<< [apiv2][body] GET https://cloudfunctions.googleapis.com/v1/operations/emVjY28tc3Vkb2t1L3VzLWNlbnRyYWwxL2dldEJvYXJkL3JEZnhnM3VaWDRv {"name":"operations/emVjY28tc3Vkb2t1L3VzLWNlbnRyYWwxL2dldEJvYXJkL3JEZnhnM3VaWDRv","metadata":{"@type":"type.googleapis.com/google.cloud.functions.v1.OperationMetadataV1","target":"projects/zecco-sudoku/locations/us-central1/functions/getBoard","type":"UPDATE_FUNCTION","request":{"@type":"type.googleapis.com/google.cloud.functions.v1.CloudFunction","name":"projects/zecco-sudoku/locations/us-central1/functions/getBoard","httpsTrigger":{"url":"https://us-central1-zecco-sudoku.cloudfunctions.net/getBoard","securityLevel":"SECURE_OPTIONAL"},"status":"ACTIVE","entryPoint":"getBoard","timeout":"60s","availableMemoryMb":256,"serviceAccountEmail":"zecco-sudoku@appspot.gserviceaccount.com","updateTime":"2021-09-26T22:13:01.169Z","versionId":"1","labels":{"deployment-callable":"true","deployment-tool":"cli-firebase"},"sourceUploadUrl":"https://storage.googleapis.com/gcf-upload-us-central1-007793f1-8f13-47eb-9273-1822b7cc8338/054fe83f-5f23-4543-918b-21ad98f1fe9e.zip?GoogleAccessId=service-787908105967@gcf-admin-robot.iam.gserviceaccount.com&Expires=1632737657&Signature=WhgDraYWqURvCoDAJlyO16C0PCMi3rt7VCtafZR%2FkjB51W5qS0m36uy8I9WhwwBZHnWfTTB3FmNscyQzyKh2xmXEGjDez1zlasuDjs0Jc1%2BPTK%2B%2BGHoqngxynXAWBltytTY0cm%2BqBJhogb%2FELnQoeVEDucHXRjmbv2XXEaJl1IyQByYXACM3QwcLhsWoiuRXmYulKRN5o6q%2F745QUJ3G6fNZC3GCsm9MRrVQ7ddIL6VFWEoh%2F%2B501Y5Q7sl4%2FPTEC9nhGgoRBep4pWKseyTEQw5v%2FNVCimb7f47zCaNJCyo3X5d5McM%2B7MkBjJy%2F3IgXTeDy4VJi0XyS0n2qg%2FKiVA%3D%3D","environmentVariables":{"FIREBASE_CONFIG":"{\"projectId\":\"zecco-sudoku\",\"storageBucket\":\"zecco-sudoku.appspot.com\",\"locationId\":\"us-central\"}"},"runtime":"nodejs14","ingressSettings":"ALLOW_ALL","buildId":"f84a1ee4-e7d8-43e1-96d1-c8abc29264b6","buildName":"projects/787908105967/locations/us-central1/builds/f84a1ee4-e7d8-43e1-96d1-c8abc29264b6"},"versionId":"2","updateTime":"2021-09-27T09:44:24Z","buildName":"projects/787908105967/locations/us-central1/builds/f84a1ee4-e7d8-43e1-96d1-c8abc29264b6"}}
[debug] [2021-09-27T09:44:25.625Z] [update-projects/zecco-sudoku/locations/us-central1/functions/getBoard] Retrying task index 0
[debug] [2021-09-27T09:44:25.627Z] >>> [apiv2][query] GET https://cloudfunctions.googleapis.com/v1/operations/emVjY28tc3Vkb2t1L3VzLWNlbnRyYWwxL2dldEJvYXJkL3JEZnhnM3VaWDRv [none]
[debug] [2021-09-27T09:44:25.970Z] <<< [apiv2][status] GET https://cloudfunctions.googleapis.com/v1/operations/emVjY28tc3Vkb2t1L3VzLWNlbnRyYWwxL2dldEJvYXJkL3JEZnhnM3VaWDRv 200
[debug] [2021-09-27T09:44:25.970Z] <<< [apiv2][body] GET https://cloudfunctions.googleapis.com/v1/operations/emVjY28tc3Vkb2t1L3VzLWNlbnRyYWwxL2dldEJvYXJkL3JEZnhnM3VaWDRv {"name":"operations/emVjY28tc3Vkb2t1L3VzLWNlbnRyYWwxL2dldEJvYXJkL3JEZnhnM3VaWDRv","metadata":{"@type":"type.googleapis.com/google.cloud.functions.v1.OperationMetadataV1","target":"projects/zecco-sudoku/locations/us-central1/functions/getBoard","type":"UPDATE_FUNCTION","request":{"@type":"type.googleapis.com/google.cloud.functions.v1.CloudFunction","name":"projects/zecco-sudoku/locations/us-central1/functions/getBoard","httpsTrigger":{"url":"https://us-central1-zecco-sudoku.cloudfunctions.net/getBoard","securityLevel":"SECURE_OPTIONAL"},"status":"ACTIVE","entryPoint":"getBoard","timeout":"60s","availableMemoryMb":256,"serviceAccountEmail":"zecco-sudoku@appspot.gserviceaccount.com","updateTime":"2021-09-26T22:13:01.169Z","versionId":"1","labels":{"deployment-callable":"true","deployment-tool":"cli-firebase"},"sourceUploadUrl":"https://storage.googleapis.com/gcf-upload-us-central1-007793f1-8f13-47eb-9273-1822b7cc8338/054fe83f-5f23-4543-918b-21ad98f1fe9e.zip?GoogleAccessId=service-787908105967@gcf-admin-robot.iam.gserviceaccount.com&Expires=1632737657&Signature=WhgDraYWqURvCoDAJlyO16C0PCMi3rt7VCtafZR%2FkjB51W5qS0m36uy8I9WhwwBZHnWfTTB3FmNscyQzyKh2xmXEGjDez1zlasuDjs0Jc1%2BPTK%2B%2BGHoqngxynXAWBltytTY0cm%2BqBJhogb%2FELnQoeVEDucHXRjmbv2XXEaJl1IyQByYXACM3QwcLhsWoiuRXmYulKRN5o6q%2F745QUJ3G6fNZC3GCsm9MRrVQ7ddIL6VFWEoh%2F%2B501Y5Q7sl4%2FPTEC9nhGgoRBep4pWKseyTEQw5v%2FNVCimb7f47zCaNJCyo3X5d5McM%2B7MkBjJy%2F3IgXTeDy4VJi0XyS0n2qg%2FKiVA%3D%3D","environmentVariables":{"FIREBASE_CONFIG":"{\"projectId\":\"zecco-sudoku\",\"storageBucket\":\"zecco-sudoku.appspot.com\",\"locationId\":\"us-central\"}"},"runtime":"nodejs14","ingressSettings":"ALLOW_ALL","buildId":"f84a1ee4-e7d8-43e1-96d1-c8abc29264b6","buildName":"projects/787908105967/locations/us-central1/builds/f84a1ee4-e7d8-43e1-96d1-c8abc29264b6"},"versionId":"2","updateTime":"2021-09-27T09:44:24Z","buildId":"cbc88cf0-604b-46b6-aa57-9d2ecefacd20","buildName":"projects/787908105967/locations/us-central1/builds/cbc88cf0-604b-46b6-aa57-9d2ecefacd20"}}
[debug] [2021-09-27T09:44:26.976Z] [update-projects/zecco-sudoku/locations/us-central1/functions/getBoard] Retrying task index 0
[debug] [2021-09-27T09:44:26.980Z] >>> [apiv2][query] GET https://cloudfunctions.googleapis.com/v1/operations/emVjY28tc3Vkb2t1L3VzLWNlbnRyYWwxL2dldEJvYXJkL3JEZnhnM3VaWDRv [none]
[debug] [2021-09-27T09:44:27.571Z] <<< [apiv2][status] GET https://cloudfunctions.googleapis.com/v1/operations/emVjY28tc3Vkb2t1L3VzLWNlbnRyYWwxL2dldEJvYXJkL3JEZnhnM3VaWDRv 200
[debug] [2021-09-27T09:44:27.572Z] <<< [apiv2][body] GET https://cloudfunctions.googleapis.com/v1/operations/emVjY28tc3Vkb2t1L3VzLWNlbnRyYWwxL2dldEJvYXJkL3JEZnhnM3VaWDRv {"name":"operations/emVjY28tc3Vkb2t1L3VzLWNlbnRyYWwxL2dldEJvYXJkL3JEZnhnM3VaWDRv","metadata":{"@type":"type.googleapis.com/google.cloud.functions.v1.OperationMetadataV1","target":"projects/zecco-sudoku/locations/us-central1/functions/getBoard","type":"UPDATE_FUNCTION","request":{"@type":"type.googleapis.com/google.cloud.functions.v1.CloudFunction","name":"projects/zecco-sudoku/locations/us-central1/functions/getBoard","httpsTrigger":{"url":"https://us-central1-zecco-sudoku.cloudfunctions.net/getBoard","securityLevel":"SECURE_OPTIONAL"},"status":"ACTIVE","entryPoint":"getBoard","timeout":"60s","availableMemoryMb":256,"serviceAccountEmail":"zecco-sudoku@appspot.gserviceaccount.com","updateTime":"2021-09-26T22:13:01.169Z","versionId":"1","labels":{"deployment-callable":"true","deployment-tool":"cli-firebase"},"sourceUploadUrl":"https://storage.googleapis.com/gcf-upload-us-central1-007793f1-8f13-47eb-9273-1822b7cc8338/054fe83f-5f23-4543-918b-21ad98f1fe9e.zip?GoogleAccessId=service-787908105967@gcf-admin-robot.iam.gserviceaccount.com&Expires=1632737657&Signature=WhgDraYWqURvCoDAJlyO16C0PCMi3rt7VCtafZR%2FkjB51W5qS0m36uy8I9WhwwBZHnWfTTB3FmNscyQzyKh2xmXEGjDez1zlasuDjs0Jc1%2BPTK%2B%2BGHoqngxynXAWBltytTY0cm%2BqBJhogb%2FELnQoeVEDucHXRjmbv2XXEaJl1IyQByYXACM3QwcLhsWoiuRXmYulKRN5o6q%2F745QUJ3G6fNZC3GCsm9MRrVQ7ddIL6VFWEoh%2F%2B501Y5Q7sl4%2FPTEC9nhGgoRBep4pWKseyTEQw5v%2FNVCimb7f47zCaNJCyo3X5d5McM%2B7MkBjJy%2F3IgXTeDy4VJi0XyS0n2qg%2FKiVA%3D%3D","environmentVariables":{"FIREBASE_CONFIG":"{\"projectId\":\"zecco-sudoku\",\"storageBucket\":\"zecco-sudoku.appspot.com\",\"locationId\":\"us-central\"}"},"runtime":"nodejs14","ingressSettings":"ALLOW_ALL","buildId":"f84a1ee4-e7d8-43e1-96d1-c8abc29264b6","buildName":"projects/787908105967/locations/us-central1/builds/f84a1ee4-e7d8-43e1-96d1-c8abc29264b6"},"versionId":"2","updateTime":"2021-09-27T09:44:24Z","buildId":"cbc88cf0-604b-46b6-aa57-9d2ecefacd20","buildName":"projects/787908105967/locations/us-central1/builds/cbc88cf0-604b-46b6-aa57-9d2ecefacd20"}}
[debug] [2021-09-27T09:44:29.578Z] [update-projects/zecco-sudoku/locations/us-central1/functions/getBoard] Retrying task index 0
[debug] [2021-09-27T09:44:29.579Z] >>> [apiv2][query] GET https://cloudfunctions.googleapis.com/v1/operations/emVjY28tc3Vkb2t1L3VzLWNlbnRyYWwxL2dldEJvYXJkL3JEZnhnM3VaWDRv [none]
[debug] [2021-09-27T09:44:29.909Z] <<< [apiv2][status] GET https://cloudfunctions.googleapis.com/v1/operations/emVjY28tc3Vkb2t1L3VzLWNlbnRyYWwxL2dldEJvYXJkL3JEZnhnM3VaWDRv 200
[debug] [2021-09-27T09:44:29.910Z] <<< [apiv2][body] GET https://cloudfunctions.googleapis.com/v1/operations/emVjY28tc3Vkb2t1L3VzLWNlbnRyYWwxL2dldEJvYXJkL3JEZnhnM3VaWDRv {"name":"operations/emVjY28tc3Vkb2t1L3VzLWNlbnRyYWwxL2dldEJvYXJkL3JEZnhnM3VaWDRv","metadata":{"@type":"type.googleapis.com/google.cloud.functions.v1.OperationMetadataV1","target":"projects/zecco-sudoku/locations/us-central1/functions/getBoard","type":"UPDATE_FUNCTION","request":{"@type":"type.googleapis.com/google.cloud.functions.v1.CloudFunction","name":"projects/zecco-sudoku/locations/us-central1/functions/getBoard","httpsTrigger":{"url":"https://us-central1-zecco-sudoku.cloudfunctions.net/getBoard","securityLevel":"SECURE_OPTIONAL"},"status":"ACTIVE","entryPoint":"getBoard","timeout":"60s","availableMemoryMb":256,"serviceAccountEmail":"zecco-sudoku@appspot.gserviceaccount.com","updateTime":"2021-09-26T22:13:01.169Z","versionId":"1","labels":{"deployment-callable":"true","deployment-tool":"cli-firebase"},"sourceUploadUrl":"https://storage.googleapis.com/gcf-upload-us-central1-007793f1-8f13-47eb-9273-1822b7cc8338/054fe83f-5f23-4543-918b-21ad98f1fe9e.zip?GoogleAccessId=service-787908105967@gcf-admin-robot.iam.gserviceaccount.com&Expires=1632737657&Signature=WhgDraYWqURvCoDAJlyO16C0PCMi3rt7VCtafZR%2FkjB51W5qS0m36uy8I9WhwwBZHnWfTTB3FmNscyQzyKh2xmXEGjDez1zlasuDjs0Jc1%2BPTK%2B%2BGHoqngxynXAWBltytTY0cm%2BqBJhogb%2FELnQoeVEDucHXRjmbv2XXEaJl1IyQByYXACM3QwcLhsWoiuRXmYulKRN5o6q%2F745QUJ3G6fNZC3GCsm9MRrVQ7ddIL6VFWEoh%2F%2B501Y5Q7sl4%2FPTEC9nhGgoRBep4pWKseyTEQw5v%2FNVCimb7f47zCaNJCyo3X5d5McM%2B7MkBjJy%2F3IgXTeDy4VJi0XyS0n2qg%2FKiVA%3D%3D","environmentVariables":{"FIREBASE_CONFIG":"{\"projectId\":\"zecco-sudoku\",\"storageBucket\":\"zecco-sudoku.appspot.com\",\"locationId\":\"us-central\"}"},"runtime":"nodejs14","ingressSettings":"ALLOW_ALL","buildId":"f84a1ee4-e7d8-43e1-96d1-c8abc29264b6","buildName":"projects/787908105967/locations/us-central1/builds/f84a1ee4-e7d8-43e1-96d1-c8abc29264b6"},"versionId":"2","updateTime":"2021-09-27T09:44:24Z","buildId":"cbc88cf0-604b-46b6-aa57-9d2ecefacd20","buildName":"projects/787908105967/locations/us-central1/builds/cbc88cf0-604b-46b6-aa57-9d2ecefacd20"}}
[debug] [2021-09-27T09:44:33.911Z] [update-projects/zecco-sudoku/locations/us-central1/functions/getBoard] Retrying task index 0
[debug] [2021-09-27T09:44:33.912Z] >>> [apiv2][query] GET https://cloudfunctions.googleapis.com/v1/operations/emVjY28tc3Vkb2t1L3VzLWNlbnRyYWwxL2dldEJvYXJkL3JEZnhnM3VaWDRv [none]
[debug] [2021-09-27T09:44:34.426Z] <<< [apiv2][status] GET https://cloudfunctions.googleapis.com/v1/operations/emVjY28tc3Vkb2t1L3VzLWNlbnRyYWwxL2dldEJvYXJkL3JEZnhnM3VaWDRv 200
[debug] [2021-09-27T09:44:34.426Z] <<< [apiv2][body] GET https://cloudfunctions.googleapis.com/v1/operations/emVjY28tc3Vkb2t1L3VzLWNlbnRyYWwxL2dldEJvYXJkL3JEZnhnM3VaWDRv {"name":"operations/emVjY28tc3Vkb2t1L3VzLWNlbnRyYWwxL2dldEJvYXJkL3JEZnhnM3VaWDRv","metadata":{"@type":"type.googleapis.com/google.cloud.functions.v1.OperationMetadataV1","target":"projects/zecco-sudoku/locations/us-central1/functions/getBoard","type":"UPDATE_FUNCTION","request":{"@type":"type.googleapis.com/google.cloud.functions.v1.CloudFunction","name":"projects/zecco-sudoku/locations/us-central1/functions/getBoard","httpsTrigger":{"url":"https://us-central1-zecco-sudoku.cloudfunctions.net/getBoard","securityLevel":"SECURE_OPTIONAL"},"status":"ACTIVE","entryPoint":"getBoard","timeout":"60s","availableMemoryMb":256,"serviceAccountEmail":"zecco-sudoku@appspot.gserviceaccount.com","updateTime":"2021-09-26T22:13:01.169Z","versionId":"1","labels":{"deployment-callable":"true","deployment-tool":"cli-firebase"},"sourceUploadUrl":"https://storage.googleapis.com/gcf-upload-us-central1-007793f1-8f13-47eb-9273-1822b7cc8338/054fe83f-5f23-4543-918b-21ad98f1fe9e.zip?GoogleAccessId=service-787908105967@gcf-admin-robot.iam.gserviceaccount.com&Expires=1632737657&Signature=WhgDraYWqURvCoDAJlyO16C0PCMi3rt7VCtafZR%2FkjB51W5qS0m36uy8I9WhwwBZHnWfTTB3FmNscyQzyKh2xmXEGjDez1zlasuDjs0Jc1%2BPTK%2B%2BGHoqngxynXAWBltytTY0cm%2BqBJhogb%2FELnQoeVEDucHXRjmbv2XXEaJl1IyQByYXACM3QwcLhsWoiuRXmYulKRN5o6q%2F745QUJ3G6fNZC3GCsm9MRrVQ7ddIL6VFWEoh%2F%2B501Y5Q7sl4%2FPTEC9nhGgoRBep4pWKseyTEQw5v%2FNVCimb7f47zCaNJCyo3X5d5McM%2B7MkBjJy%2F3IgXTeDy4VJi0XyS0n2qg%2FKiVA%3D%3D","environmentVariables":{"FIREBASE_CONFIG":"{\"projectId\":\"zecco-sudoku\",\"storageBucket\":\"zecco-sudoku.appspot.com\",\"locationId\":\"us-central\"}"},"runtime":"nodejs14","ingressSettings":"ALLOW_ALL","buildId":"f84a1ee4-e7d8-43e1-96d1-c8abc29264b6","buildName":"projects/787908105967/locations/us-central1/builds/f84a1ee4-e7d8-43e1-96d1-c8abc29264b6"},"versionId":"2","updateTime":"2021-09-27T09:44:24Z","buildId":"cbc88cf0-604b-46b6-aa57-9d2ecefacd20","buildName":"projects/787908105967/locations/us-central1/builds/cbc88cf0-604b-46b6-aa57-9d2ecefacd20"}}
[debug] [2021-09-27T09:44:42.466Z] [update-projects/zecco-sudoku/locations/us-central1/functions/getBoard] Retrying task index 0
[debug] [2021-09-27T09:44:42.495Z] >>> [apiv2][query] GET https://cloudfunctions.googleapis.com/v1/operations/emVjY28tc3Vkb2t1L3VzLWNlbnRyYWwxL2dldEJvYXJkL3JEZnhnM3VaWDRv [none]
[debug] [2021-09-27T09:44:42.847Z] <<< [apiv2][status] GET https://cloudfunctions.googleapis.com/v1/operations/emVjY28tc3Vkb2t1L3VzLWNlbnRyYWwxL2dldEJvYXJkL3JEZnhnM3VaWDRv 200
[debug] [2021-09-27T09:44:42.848Z] <<< [apiv2][body] GET https://cloudfunctions.googleapis.com/v1/operations/emVjY28tc3Vkb2t1L3VzLWNlbnRyYWwxL2dldEJvYXJkL3JEZnhnM3VaWDRv {"name":"operations/emVjY28tc3Vkb2t1L3VzLWNlbnRyYWwxL2dldEJvYXJkL3JEZnhnM3VaWDRv","metadata":{"@type":"type.googleapis.com/google.cloud.functions.v1.OperationMetadataV1","target":"projects/zecco-sudoku/locations/us-central1/functions/getBoard","type":"UPDATE_FUNCTION","request":{"@type":"type.googleapis.com/google.cloud.functions.v1.CloudFunction","name":"projects/zecco-sudoku/locations/us-central1/functions/getBoard","httpsTrigger":{"url":"https://us-central1-zecco-sudoku.cloudfunctions.net/getBoard","securityLevel":"SECURE_OPTIONAL"},"status":"ACTIVE","entryPoint":"getBoard","timeout":"60s","availableMemoryMb":256,"serviceAccountEmail":"zecco-sudoku@appspot.gserviceaccount.com","updateTime":"2021-09-26T22:13:01.169Z","versionId":"1","labels":{"deployment-callable":"true","deployment-tool":"cli-firebase"},"sourceUploadUrl":"https://storage.googleapis.com/gcf-upload-us-central1-007793f1-8f13-47eb-9273-1822b7cc8338/054fe83f-5f23-4543-918b-21ad98f1fe9e.zip?GoogleAccessId=service-787908105967@gcf-admin-robot.iam.gserviceaccount.com&Expires=1632737657&Signature=WhgDraYWqURvCoDAJlyO16C0PCMi3rt7VCtafZR%2FkjB51W5qS0m36uy8I9WhwwBZHnWfTTB3FmNscyQzyKh2xmXEGjDez1zlasuDjs0Jc1%2BPTK%2B%2BGHoqngxynXAWBltytTY0cm%2BqBJhogb%2FELnQoeVEDucHXRjmbv2XXEaJl1IyQByYXACM3QwcLhsWoiuRXmYulKRN5o6q%2F745QUJ3G6fNZC3GCsm9MRrVQ7ddIL6VFWEoh%2F%2B501Y5Q7sl4%2FPTEC9nhGgoRBep4pWKseyTEQw5v%2FNVCimb7f47zCaNJCyo3X5d5McM%2B7MkBjJy%2F3IgXTeDy4VJi0XyS0n2qg%2FKiVA%3D%3D","environmentVariables":{"FIREBASE_CONFIG":"{\"projectId\":\"zecco-sudoku\",\"storageBucket\":\"zecco-sudoku.appspot.com\",\"locationId\":\"us-central\"}"},"runtime":"nodejs14","ingressSettings":"ALLOW_ALL","buildId":"f84a1ee4-e7d8-43e1-96d1-c8abc29264b6","buildName":"projects/787908105967/locations/us-central1/builds/f84a1ee4-e7d8-43e1-96d1-c8abc29264b6"},"versionId":"2","updateTime":"2021-09-27T09:44:24Z","buildId":"cbc88cf0-604b-46b6-aa57-9d2ecefacd20","buildName":"projects/787908105967/locations/us-central1/builds/cbc88cf0-604b-46b6-aa57-9d2ecefacd20"}}
[debug] [2021-09-27T09:44:58.849Z] [update-projects/zecco-sudoku/locations/us-central1/functions/getBoard] Retrying task index 0
[debug] [2021-09-27T09:44:58.854Z] >>> [apiv2][query] GET https://cloudfunctions.googleapis.com/v1/operations/emVjY28tc3Vkb2t1L3VzLWNlbnRyYWwxL2dldEJvYXJkL3JEZnhnM3VaWDRv [none]
[debug] [2021-09-27T09:44:59.364Z] <<< [apiv2][status] GET https://cloudfunctions.googleapis.com/v1/operations/emVjY28tc3Vkb2t1L3VzLWNlbnRyYWwxL2dldEJvYXJkL3JEZnhnM3VaWDRv 200
[debug] [2021-09-27T09:44:59.388Z] <<< [apiv2][body] GET https://cloudfunctions.googleapis.com/v1/operations/emVjY28tc3Vkb2t1L3VzLWNlbnRyYWwxL2dldEJvYXJkL3JEZnhnM3VaWDRv {"name":"operations/emVjY28tc3Vkb2t1L3VzLWNlbnRyYWwxL2dldEJvYXJkL3JEZnhnM3VaWDRv","metadata":{"@type":"type.googleapis.com/google.cloud.functions.v1.OperationMetadataV1","target":"projects/zecco-sudoku/locations/us-central1/functions/getBoard","type":"UPDATE_FUNCTION","request":{"@type":"type.googleapis.com/google.cloud.functions.v1.CloudFunction","name":"projects/zecco-sudoku/locations/us-central1/functions/getBoard","httpsTrigger":{"url":"https://us-central1-zecco-sudoku.cloudfunctions.net/getBoard","securityLevel":"SECURE_OPTIONAL"},"status":"ACTIVE","entryPoint":"getBoard","timeout":"60s","availableMemoryMb":256,"serviceAccountEmail":"zecco-sudoku@appspot.gserviceaccount.com","updateTime":"2021-09-26T22:13:01.169Z","versionId":"1","labels":{"deployment-callable":"true","deployment-tool":"cli-firebase"},"sourceUploadUrl":"https://storage.googleapis.com/gcf-upload-us-central1-007793f1-8f13-47eb-9273-1822b7cc8338/054fe83f-5f23-4543-918b-21ad98f1fe9e.zip?GoogleAccessId=service-787908105967@gcf-admin-robot.iam.gserviceaccount.com&Expires=1632737657&Signature=WhgDraYWqURvCoDAJlyO16C0PCMi3rt7VCtafZR%2FkjB51W5qS0m36uy8I9WhwwBZHnWfTTB3FmNscyQzyKh2xmXEGjDez1zlasuDjs0Jc1%2BPTK%2B%2BGHoqngxynXAWBltytTY0cm%2BqBJhogb%2FELnQoeVEDucHXRjmbv2XXEaJl1IyQByYXACM3QwcLhsWoiuRXmYulKRN5o6q%2F745QUJ3G6fNZC3GCsm9MRrVQ7ddIL6VFWEoh%2F%2B501Y5Q7sl4%2FPTEC9nhGgoRBep4pWKseyTEQw5v%2FNVCimb7f47zCaNJCyo3X5d5McM%2B7MkBjJy%2F3IgXTeDy4VJi0XyS0n2qg%2FKiVA%3D%3D","environmentVariables":{"FIREBASE_CONFIG":"{\"projectId\":\"zecco-sudoku\",\"storageBucket\":\"zecco-sudoku.appspot.com\",\"locationId\":\"us-central\"}"},"runtime":"nodejs14","ingressSettings":"ALLOW_ALL","buildId":"f84a1ee4-e7d8-43e1-96d1-c8abc29264b6","buildName":"projects/787908105967/locations/us-central1/builds/f84a1ee4-e7d8-43e1-96d1-c8abc29264b6"},"versionId":"2","updateTime":"2021-09-27T09:44:24Z","buildId":"cbc88cf0-604b-46b6-aa57-9d2ecefacd20","buildName":"projects/787908105967/locations/us-central1/builds/cbc88cf0-604b-46b6-aa57-9d2ecefacd20"}}
